{"/home/joedailey/OBG-CentralServer/OBG.js":{"path":"/home/joedailey/OBG-CentralServer/OBG.js","s":{"1":1,"2":1,"3":1,"4":1,"5":1,"6":0,"7":0,"8":1,"9":1,"10":1,"11":0,"12":0,"13":0,"14":0,"15":0,"16":0,"17":0,"18":0,"19":0,"20":0,"21":0,"22":0,"23":0,"24":0,"25":0,"26":0,"27":0,"28":0,"29":0,"30":0,"31":0,"32":0,"33":1,"34":0,"35":0,"36":0,"37":0,"38":1,"39":1,"40":1,"41":1,"42":1,"43":1,"44":1,"45":1,"46":1,"47":1,"48":1,"49":1,"50":1,"51":1,"52":1,"53":1,"54":1,"55":1,"56":1,"57":1,"58":0,"59":0,"60":0,"61":0,"62":0,"63":1,"64":0,"65":0,"66":0,"67":0,"68":1,"69":1,"70":1,"71":0,"72":0,"73":0,"74":0,"75":0,"76":0,"77":0,"78":0,"79":0,"80":0,"81":0,"82":0,"83":0,"84":0,"85":0,"86":0,"87":0,"88":0,"89":0,"90":0,"91":0,"92":0,"93":0,"94":0,"95":0,"96":0,"97":0,"98":0,"99":0,"100":0,"101":0,"102":0,"103":0,"104":0,"105":0,"106":0,"107":0,"108":0,"109":0,"110":0,"111":0,"112":0,"113":0,"114":0,"115":0,"116":0,"117":0,"118":0,"119":0,"120":0,"121":0,"122":0,"123":0,"124":0,"125":0,"126":0,"127":0,"128":0,"129":0,"130":0,"131":0,"132":0,"133":0,"134":0,"135":0,"136":0,"137":0,"138":0,"139":0,"140":0,"141":0,"142":0,"143":0,"144":0,"145":1,"146":0,"147":1,"148":0,"149":1,"150":0,"151":0,"152":0,"153":0,"154":0,"155":0,"156":0,"157":0,"158":0,"159":0,"160":0,"161":0,"162":0,"163":0,"164":0,"165":0,"166":0,"167":0,"168":0,"169":0,"170":0,"171":0,"172":1,"173":0,"174":0,"175":0,"176":1,"177":0,"178":0,"179":0,"180":0,"181":0,"182":1,"183":0,"184":0,"185":0,"186":0,"187":0,"188":0,"189":0,"190":0,"191":0,"192":0,"193":0,"194":0,"195":0,"196":0,"197":0,"198":0,"199":0,"200":0,"201":0,"202":0,"203":0,"204":0,"205":0,"206":0,"207":0,"208":0,"209":0,"210":0,"211":0,"212":0,"213":0,"214":0,"215":0,"216":0,"217":0,"218":0,"219":0,"220":0,"221":0,"222":0,"223":0,"224":0,"225":0,"226":0,"227":0,"228":0,"229":0,"230":0,"231":0,"232":0,"233":0,"234":1,"235":0,"236":0,"237":0,"238":0,"239":0,"240":0,"241":0,"242":0,"243":0,"244":0,"245":0,"246":0,"247":0,"248":0,"249":0,"250":0,"251":0,"252":0,"253":0,"254":0,"255":0,"256":0,"257":0,"258":0,"259":0,"260":0,"261":0,"262":0,"263":0,"264":0,"265":0,"266":0,"267":1,"268":0,"269":0,"270":1,"271":0,"272":1,"273":0,"274":0,"275":0,"276":0,"277":1,"278":0,"279":0,"280":0,"281":0,"282":0,"283":0,"284":0,"285":1,"286":0,"287":0,"288":0,"289":0,"290":0,"291":1,"292":0,"293":0,"294":0,"295":0,"296":0,"297":0,"298":0,"299":0,"300":0,"301":0,"302":0,"303":0,"304":0,"305":0,"306":0,"307":0,"308":0,"309":0,"310":0,"311":0,"312":0,"313":0,"314":0,"315":0,"316":0,"317":0,"318":0,"319":0,"320":0,"321":1,"322":0,"323":0,"324":0,"325":0,"326":0,"327":0,"328":0,"329":0,"330":1,"331":0,"332":0,"333":0,"334":0,"335":0,"336":0,"337":0,"338":0,"339":0,"340":0,"341":0,"342":1,"343":0,"344":0,"345":0,"346":0,"347":0,"348":0,"349":0,"350":0,"351":0,"352":0,"353":0,"354":0,"355":0,"356":0,"357":0,"358":0,"359":0,"360":0,"361":0,"362":0,"363":0,"364":0,"365":0,"366":0,"367":0,"368":0,"369":0,"370":0,"371":0,"372":0,"373":0,"374":0,"375":0,"376":1,"377":0,"378":0,"379":0,"380":0,"381":0,"382":0,"383":0,"384":1,"385":0,"386":0,"387":0,"388":0,"389":0,"390":0,"391":0,"392":0,"393":0,"394":0,"395":0,"396":0,"397":0,"398":0,"399":0,"400":0,"401":0,"402":0,"403":0,"404":0,"405":1,"406":0,"407":0,"408":0,"409":0,"410":1,"411":0,"412":0,"413":0,"414":0,"415":1,"416":0,"417":0,"418":0,"419":0,"420":0,"421":0,"422":0,"423":0,"424":0,"425":0,"426":0,"427":0,"428":0,"429":0,"430":0,"431":0,"432":0,"433":0,"434":1,"435":0,"436":0,"437":0,"438":0,"439":0,"440":0,"441":0,"442":0,"443":0,"444":1,"445":0,"446":0,"447":0,"448":0,"449":0,"450":0,"451":0,"452":0,"453":1,"454":0,"455":1,"456":0,"457":0,"458":1,"459":0,"460":0,"461":0,"462":1,"463":0,"464":0,"465":0,"466":0,"467":0,"468":0,"469":0,"470":0,"471":1,"472":0,"473":0,"474":1,"475":0,"476":1,"477":0,"478":0,"479":0,"480":0,"481":0,"482":0,"483":0,"484":0,"485":0,"486":0,"487":0,"488":0,"489":0,"490":0,"491":0,"492":0,"493":0,"494":0,"495":0,"496":0,"497":0,"498":1,"499":1,"500":1,"501":0,"502":0,"503":0,"504":0,"505":0,"506":0},"b":{"1":[0,1],"2":[0,1],"3":[0,0],"4":[0,0],"5":[0,0],"6":[0,0],"7":[0,0],"8":[0,0],"9":[0,0],"10":[0,0],"11":[0,0],"12":[0,0],"13":[0,0],"14":[0,0],"15":[0,0],"16":[0,0],"17":[0,0],"18":[0,0],"19":[0,0],"20":[0,0],"21":[0,0],"22":[0,0],"23":[0,0],"24":[0,0],"25":[0,0],"26":[0,0],"27":[0,0],"28":[0,0],"29":[0,0],"30":[0,0],"31":[0,0],"32":[0,0],"33":[0,0],"34":[0,0],"35":[0,0],"36":[0,0,0],"37":[0,0],"38":[0,0],"39":[0,0],"40":[0,0],"41":[0,0],"42":[0,0],"43":[0,0],"44":[0,0],"45":[0,0],"46":[0,0],"47":[0,0],"48":[0,0],"49":[0,0],"50":[0,0],"51":[0,0],"52":[0,0],"53":[0,0],"54":[0,0],"55":[0,0],"56":[0,0],"57":[0,0],"58":[0,0],"59":[0,0],"60":[0,0],"61":[0,0],"62":[0,0],"63":[0,0],"64":[0,0],"65":[0,0],"66":[0,0],"67":[0,0],"68":[0,0],"69":[0,0],"70":[0,0],"71":[0,0],"72":[0,0],"73":[0,0],"74":[0,0],"75":[0,0],"76":[0,0],"77":[0,0],"78":[0,0],"79":[0,0],"80":[0,0],"81":[0,0],"82":[0,0],"83":[0,0],"84":[0,0],"85":[0,0],"86":[0,0],"87":[0,0]},"f":{"1":0,"2":0,"3":0,"4":0,"5":0,"6":0,"7":0,"8":0,"9":0,"10":0,"11":0,"12":0,"13":0,"14":0,"15":0,"16":0,"17":0,"18":0,"19":0,"20":0,"21":0,"22":0,"23":0,"24":0,"25":0,"26":0,"27":0,"28":0,"29":0,"30":0,"31":0,"32":0,"33":0,"34":0,"35":0,"36":0,"37":0,"38":0,"39":0,"40":0,"41":0,"42":0,"43":0,"44":0,"45":0,"46":0,"47":0,"48":0,"49":0,"50":0,"51":0,"52":0,"53":0,"54":0,"55":0,"56":0,"57":0,"58":0,"59":0,"60":0,"61":0,"62":0,"63":0,"64":0,"65":0,"66":0,"67":0,"68":0,"69":0,"70":0,"71":0,"72":0,"73":0,"74":0,"75":0,"76":0,"77":0,"78":0,"79":0,"80":0,"81":0,"82":0,"83":0,"84":0,"85":0,"86":0,"87":0,"88":0,"89":0,"90":0,"91":0,"92":0,"93":0,"94":0,"95":0,"96":0,"97":0,"98":0},"fnMap":{"1":{"name":"(anonymous_1)","line":19,"loc":{"start":{"line":19,"column":14},"end":{"line":19,"column":26}}},"2":{"name":"(anonymous_2)","line":20,"loc":{"start":{"line":20,"column":240},"end":{"line":20,"column":253}}},"3":{"name":"(anonymous_3)","line":21,"loc":{"start":{"line":21,"column":96},"end":{"line":21,"column":109}}},"4":{"name":"(anonymous_4)","line":22,"loc":{"start":{"line":22,"column":212},"end":{"line":22,"column":226}}},"5":{"name":"(anonymous_5)","line":23,"loc":{"start":{"line":23,"column":254},"end":{"line":23,"column":267}}},"6":{"name":"(anonymous_6)","line":24,"loc":{"start":{"line":24,"column":130},"end":{"line":24,"column":143}}},"7":{"name":"(anonymous_7)","line":25,"loc":{"start":{"line":25,"column":121},"end":{"line":25,"column":134}}},"8":{"name":"(anonymous_8)","line":26,"loc":{"start":{"line":26,"column":122},"end":{"line":26,"column":135}}},"9":{"name":"(anonymous_9)","line":29,"loc":{"start":{"line":29,"column":14},"end":{"line":29,"column":34}}},"10":{"name":"(anonymous_10)","line":79,"loc":{"start":{"line":79,"column":20},"end":{"line":79,"column":50}}},"11":{"name":"(anonymous_11)","line":80,"loc":{"start":{"line":80,"column":22},"end":{"line":80,"column":43}}},"12":{"name":"(anonymous_12)","line":83,"loc":{"start":{"line":83,"column":36},"end":{"line":83,"column":57}}},"13":{"name":"(anonymous_13)","line":90,"loc":{"start":{"line":90,"column":22},"end":{"line":90,"column":58}}},"14":{"name":"(anonymous_14)","line":91,"loc":{"start":{"line":91,"column":34},"end":{"line":91,"column":66}}},"15":{"name":"(anonymous_15)","line":103,"loc":{"start":{"line":103,"column":13},"end":{"line":103,"column":32}}},"16":{"name":"(anonymous_16)","line":115,"loc":{"start":{"line":115,"column":25},"end":{"line":115,"column":43}}},"17":{"name":"(anonymous_17)","line":117,"loc":{"start":{"line":117,"column":22},"end":{"line":117,"column":38}}},"18":{"name":"(anonymous_18)","line":120,"loc":{"start":{"line":120,"column":21},"end":{"line":120,"column":32}}},"19":{"name":"(anonymous_19)","line":123,"loc":{"start":{"line":123,"column":16},"end":{"line":123,"column":34}}},"20":{"name":"(anonymous_20)","line":142,"loc":{"start":{"line":142,"column":25},"end":{"line":142,"column":43}}},"21":{"name":"(anonymous_21)","line":144,"loc":{"start":{"line":144,"column":22},"end":{"line":144,"column":38}}},"22":{"name":"(anonymous_22)","line":147,"loc":{"start":{"line":147,"column":21},"end":{"line":147,"column":32}}},"23":{"name":"(anonymous_23)","line":149,"loc":{"start":{"line":149,"column":16},"end":{"line":149,"column":34}}},"24":{"name":"(anonymous_24)","line":159,"loc":{"start":{"line":159,"column":172},"end":{"line":159,"column":192}}},"25":{"name":"(anonymous_25)","line":170,"loc":{"start":{"line":170,"column":18},"end":{"line":170,"column":38}}},"26":{"name":"(anonymous_26)","line":171,"loc":{"start":{"line":171,"column":80},"end":{"line":171,"column":103}}},"27":{"name":"(anonymous_27)","line":183,"loc":{"start":{"line":183,"column":96},"end":{"line":183,"column":118}}},"28":{"name":"(anonymous_28)","line":211,"loc":{"start":{"line":211,"column":24},"end":{"line":211,"column":42}}},"29":{"name":"(anonymous_29)","line":215,"loc":{"start":{"line":215,"column":21},"end":{"line":215,"column":39}}},"30":{"name":"(anonymous_30)","line":219,"loc":{"start":{"line":219,"column":32},"end":{"line":219,"column":51}}},"31":{"name":"(anonymous_31)","line":221,"loc":{"start":{"line":221,"column":89},"end":{"line":221,"column":110}}},"32":{"name":"(anonymous_32)","line":222,"loc":{"start":{"line":222,"column":83},"end":{"line":222,"column":103}}},"33":{"name":"(anonymous_33)","line":230,"loc":{"start":{"line":230,"column":99},"end":{"line":230,"column":118}}},"34":{"name":"(anonymous_34)","line":241,"loc":{"start":{"line":241,"column":95},"end":{"line":241,"column":114}}},"35":{"name":"(anonymous_35)","line":251,"loc":{"start":{"line":251,"column":19},"end":{"line":251,"column":38}}},"36":{"name":"(anonymous_36)","line":258,"loc":{"start":{"line":258,"column":17},"end":{"line":258,"column":35}}},"37":{"name":"(anonymous_37)","line":269,"loc":{"start":{"line":269,"column":20},"end":{"line":269,"column":38}}},"38":{"name":"(anonymous_38)","line":280,"loc":{"start":{"line":280,"column":14},"end":{"line":280,"column":24}}},"39":{"name":"(anonymous_39)","line":281,"loc":{"start":{"line":281,"column":62},"end":{"line":281,"column":81}}},"40":{"name":"(anonymous_40)","line":284,"loc":{"start":{"line":284,"column":27},"end":{"line":284,"column":46}}},"41":{"name":"(anonymous_41)","line":286,"loc":{"start":{"line":286,"column":93},"end":{"line":286,"column":106}}},"42":{"name":"(anonymous_42)","line":288,"loc":{"start":{"line":288,"column":100},"end":{"line":288,"column":119}}},"43":{"name":"(anonymous_43)","line":290,"loc":{"start":{"line":290,"column":94},"end":{"line":290,"column":107}}},"44":{"name":"(anonymous_44)","line":296,"loc":{"start":{"line":296,"column":36},"end":{"line":296,"column":59}}},"45":{"name":"(anonymous_45)","line":298,"loc":{"start":{"line":298,"column":38},"end":{"line":298,"column":57}}},"46":{"name":"(anonymous_46)","line":304,"loc":{"start":{"line":304,"column":12},"end":{"line":304,"column":43}}},"47":{"name":"(anonymous_47)","line":325,"loc":{"start":{"line":325,"column":20},"end":{"line":325,"column":38}}},"48":{"name":"(anonymous_48)","line":331,"loc":{"start":{"line":331,"column":14},"end":{"line":331,"column":24}}},"49":{"name":"(anonymous_49)","line":332,"loc":{"start":{"line":332,"column":62},"end":{"line":332,"column":81}}},"50":{"name":"(anonymous_50)","line":336,"loc":{"start":{"line":336,"column":71},"end":{"line":336,"column":90}}},"51":{"name":"(anonymous_51)","line":339,"loc":{"start":{"line":339,"column":41},"end":{"line":339,"column":61}}},"52":{"name":"(anonymous_52)","line":350,"loc":{"start":{"line":350,"column":19},"end":{"line":350,"column":37}}},"53":{"name":"(anonymous_53)","line":355,"loc":{"start":{"line":355,"column":21},"end":{"line":355,"column":39}}},"54":{"name":"(anonymous_54)","line":357,"loc":{"start":{"line":357,"column":30},"end":{"line":357,"column":48}}},"55":{"name":"(anonymous_55)","line":359,"loc":{"start":{"line":359,"column":14},"end":{"line":359,"column":24}}},"56":{"name":"(anonymous_56)","line":360,"loc":{"start":{"line":360,"column":86},"end":{"line":360,"column":99}}},"57":{"name":"(anonymous_57)","line":366,"loc":{"start":{"line":366,"column":19},"end":{"line":366,"column":37}}},"58":{"name":"(anonymous_58)","line":368,"loc":{"start":{"line":368,"column":57},"end":{"line":368,"column":70}}},"59":{"name":"(anonymous_59)","line":369,"loc":{"start":{"line":369,"column":157},"end":{"line":369,"column":171}}},"60":{"name":"(anonymous_60)","line":377,"loc":{"start":{"line":377,"column":22},"end":{"line":377,"column":40}}},"61":{"name":"(anonymous_61)","line":379,"loc":{"start":{"line":379,"column":23},"end":{"line":379,"column":36}}},"62":{"name":"(anonymous_62)","line":384,"loc":{"start":{"line":384,"column":19},"end":{"line":384,"column":37}}},"63":{"name":"(anonymous_63)","line":397,"loc":{"start":{"line":397,"column":54},"end":{"line":397,"column":67}}},"64":{"name":"(anonymous_64)","line":398,"loc":{"start":{"line":398,"column":14},"end":{"line":398,"column":24}}},"65":{"name":"(anonymous_65)","line":399,"loc":{"start":{"line":399,"column":155},"end":{"line":399,"column":168}}},"66":{"name":"(anonymous_66)","line":401,"loc":{"start":{"line":401,"column":146},"end":{"line":401,"column":159}}},"67":{"name":"(anonymous_67)","line":413,"loc":{"start":{"line":413,"column":29},"end":{"line":413,"column":47}}},"68":{"name":"(anonymous_68)","line":425,"loc":{"start":{"line":425,"column":27},"end":{"line":425,"column":45}}},"69":{"name":"(anonymous_69)","line":434,"loc":{"start":{"line":434,"column":101},"end":{"line":434,"column":114}}},"70":{"name":"(anonymous_70)","line":440,"loc":{"start":{"line":440,"column":23},"end":{"line":440,"column":41}}},"71":{"name":"(anonymous_71)","line":450,"loc":{"start":{"line":450,"column":14},"end":{"line":450,"column":24}}},"72":{"name":"(anonymous_72)","line":451,"loc":{"start":{"line":451,"column":62},"end":{"line":451,"column":81}}},"73":{"name":"(anonymous_73)","line":455,"loc":{"start":{"line":455,"column":71},"end":{"line":455,"column":90}}},"74":{"name":"(anonymous_74)","line":458,"loc":{"start":{"line":458,"column":41},"end":{"line":458,"column":61}}},"75":{"name":"(anonymous_75)","line":468,"loc":{"start":{"line":468,"column":30},"end":{"line":468,"column":48}}},"76":{"name":"(anonymous_76)","line":486,"loc":{"start":{"line":486,"column":34},"end":{"line":486,"column":52}}},"77":{"name":"(anonymous_77)","line":510,"loc":{"start":{"line":510,"column":35},"end":{"line":510,"column":53}}},"78":{"name":"(anonymous_78)","line":518,"loc":{"start":{"line":518,"column":24},"end":{"line":518,"column":42}}},"79":{"name":"(anonymous_79)","line":522,"loc":{"start":{"line":522,"column":14},"end":{"line":522,"column":24}}},"80":{"name":"(anonymous_80)","line":528,"loc":{"start":{"line":528,"column":30},"end":{"line":528,"column":48}}},"81":{"name":"(anonymous_81)","line":530,"loc":{"start":{"line":530,"column":60},"end":{"line":530,"column":79}}},"82":{"name":"(anonymous_82)","line":532,"loc":{"start":{"line":532,"column":99},"end":{"line":532,"column":118}}},"83":{"name":"(anonymous_83)","line":546,"loc":{"start":{"line":546,"column":55},"end":{"line":546,"column":73}}},"84":{"name":"(anonymous_84)","line":547,"loc":{"start":{"line":547,"column":154},"end":{"line":547,"column":174}}},"85":{"name":"(anonymous_85)","line":554,"loc":{"start":{"line":554,"column":38},"end":{"line":554,"column":56}}},"86":{"name":"(anonymous_86)","line":555,"loc":{"start":{"line":555,"column":129},"end":{"line":555,"column":149}}},"87":{"name":"(anonymous_87)","line":562,"loc":{"start":{"line":562,"column":18},"end":{"line":562,"column":36}}},"88":{"name":"(anonymous_88)","line":567,"loc":{"start":{"line":567,"column":13},"end":{"line":567,"column":32}}},"89":{"name":"merge","line":580,"loc":{"start":{"line":580,"column":0},"end":{"line":580,"column":26}}},"90":{"name":"mergeUser","line":584,"loc":{"start":{"line":584,"column":0},"end":{"line":584,"column":30}}},"91":{"name":"(anonymous_91)","line":593,"loc":{"start":{"line":593,"column":16},"end":{"line":593,"column":32}}},"92":{"name":"(anonymous_92)","line":597,"loc":{"start":{"line":597,"column":14},"end":{"line":597,"column":28}}},"93":{"name":"(anonymous_93)","line":608,"loc":{"start":{"line":608,"column":13},"end":{"line":608,"column":30}}},"94":{"name":"(anonymous_94)","line":614,"loc":{"start":{"line":614,"column":19},"end":{"line":614,"column":29}}},"95":{"name":"(anonymous_95)","line":621,"loc":{"start":{"line":621,"column":19},"end":{"line":621,"column":36}}},"96":{"name":"(anonymous_96)","line":625,"loc":{"start":{"line":625,"column":34},"end":{"line":625,"column":44}}},"97":{"name":"(anonymous_97)","line":629,"loc":{"start":{"line":629,"column":21},"end":{"line":629,"column":31}}},"98":{"name":"(anonymous_98)","line":638,"loc":{"start":{"line":638,"column":18},"end":{"line":638,"column":36}}}},"statementMap":{"1":{"start":{"line":6,"column":0},"end":{"line":6,"column":23}},"2":{"start":{"line":8,"column":0},"end":{"line":8,"column":36}},"3":{"start":{"line":9,"column":0},"end":{"line":9,"column":27}},"4":{"start":{"line":10,"column":0},"end":{"line":10,"column":33}},"5":{"start":{"line":12,"column":0},"end":{"line":15,"column":2}},"6":{"start":{"line":13,"column":1},"end":{"line":13,"column":34}},"7":{"start":{"line":14,"column":1},"end":{"line":14,"column":24}},"8":{"start":{"line":16,"column":0},"end":{"line":16,"column":43}},"9":{"start":{"line":17,"column":0},"end":{"line":17,"column":36}},"10":{"start":{"line":18,"column":0},"end":{"line":28,"column":2}},"11":{"start":{"line":19,"column":1},"end":{"line":27,"column":4}},"12":{"start":{"line":20,"column":2},"end":{"line":20,"column":289}},"13":{"start":{"line":20,"column":255},"end":{"line":20,"column":285}},"14":{"start":{"line":20,"column":272},"end":{"line":20,"column":285}},"15":{"start":{"line":21,"column":2},"end":{"line":21,"column":149}},"16":{"start":{"line":21,"column":111},"end":{"line":21,"column":145}},"17":{"start":{"line":21,"column":119},"end":{"line":21,"column":145}},"18":{"start":{"line":22,"column":2},"end":{"line":22,"column":268}},"19":{"start":{"line":22,"column":228},"end":{"line":22,"column":264}},"20":{"start":{"line":22,"column":251},"end":{"line":22,"column":264}},"21":{"start":{"line":23,"column":2},"end":{"line":24,"column":2}},"22":{"start":{"line":23,"column":269},"end":{"line":23,"column":308}},"23":{"start":{"line":23,"column":295},"end":{"line":23,"column":308}},"24":{"start":{"line":24,"column":2},"end":{"line":24,"column":187}},"25":{"start":{"line":24,"column":145},"end":{"line":24,"column":183}},"26":{"start":{"line":24,"column":153},"end":{"line":24,"column":183}},"27":{"start":{"line":25,"column":2},"end":{"line":25,"column":170}},"28":{"start":{"line":25,"column":136},"end":{"line":25,"column":166}},"29":{"start":{"line":25,"column":144},"end":{"line":25,"column":166}},"30":{"start":{"line":26,"column":2},"end":{"line":26,"column":172}},"31":{"start":{"line":26,"column":137},"end":{"line":26,"column":168}},"32":{"start":{"line":26,"column":145},"end":{"line":26,"column":168}},"33":{"start":{"line":29,"column":0},"end":{"line":40,"column":0}},"34":{"start":{"line":30,"column":1},"end":{"line":30,"column":25}},"35":{"start":{"line":31,"column":1},"end":{"line":31,"column":33}},"36":{"start":{"line":32,"column":1},"end":{"line":33,"column":18}},"37":{"start":{"line":33,"column":2},"end":{"line":33,"column":18}},"38":{"start":{"line":40,"column":0},"end":{"line":40,"column":33}},"39":{"start":{"line":41,"column":0},"end":{"line":41,"column":52}},"40":{"start":{"line":42,"column":0},"end":{"line":42,"column":20}},"41":{"start":{"line":43,"column":0},"end":{"line":43,"column":30}},"42":{"start":{"line":45,"column":0},"end":{"line":45,"column":32}},"43":{"start":{"line":49,"column":0},"end":{"line":49,"column":37}},"44":{"start":{"line":51,"column":0},"end":{"line":51,"column":58}},"45":{"start":{"line":53,"column":0},"end":{"line":53,"column":64}},"46":{"start":{"line":55,"column":0},"end":{"line":55,"column":56}},"47":{"start":{"line":56,"column":0},"end":{"line":56,"column":62}},"48":{"start":{"line":58,"column":0},"end":{"line":58,"column":68}},"49":{"start":{"line":59,"column":0},"end":{"line":59,"column":30}},"50":{"start":{"line":60,"column":0},"end":{"line":62,"column":3}},"51":{"start":{"line":64,"column":0},"end":{"line":64,"column":29}},"52":{"start":{"line":66,"column":0},"end":{"line":66,"column":48}},"53":{"start":{"line":67,"column":0},"end":{"line":67,"column":53}},"54":{"start":{"line":68,"column":0},"end":{"line":68,"column":39}},"55":{"start":{"line":69,"column":0},"end":{"line":75,"column":4}},"56":{"start":{"line":77,"column":0},"end":{"line":77,"column":38}},"57":{"start":{"line":79,"column":0},"end":{"line":88,"column":3}},"58":{"start":{"line":80,"column":3},"end":{"line":87,"column":5}},"59":{"start":{"line":81,"column":1},"end":{"line":86,"column":4}},"60":{"start":{"line":81,"column":10},"end":{"line":81,"column":31}},"61":{"start":{"line":83,"column":2},"end":{"line":85,"column":5}},"62":{"start":{"line":84,"column":3},"end":{"line":84,"column":30}},"63":{"start":{"line":90,"column":0},"end":{"line":95,"column":3}},"64":{"start":{"line":91,"column":3},"end":{"line":94,"column":6}},"65":{"start":{"line":92,"column":3},"end":{"line":93,"column":47}},"66":{"start":{"line":92,"column":12},"end":{"line":92,"column":33}},"67":{"start":{"line":93,"column":8},"end":{"line":93,"column":47}},"68":{"start":{"line":97,"column":0},"end":{"line":97,"column":19}},"69":{"start":{"line":98,"column":0},"end":{"line":98,"column":17}},"70":{"start":{"line":103,"column":0},"end":{"line":209,"column":4}},"71":{"start":{"line":104,"column":1},"end":{"line":104,"column":29}},"72":{"start":{"line":105,"column":1},"end":{"line":105,"column":13}},"73":{"start":{"line":106,"column":1},"end":{"line":106,"column":14}},"74":{"start":{"line":107,"column":1},"end":{"line":115,"column":1}},"75":{"start":{"line":115,"column":1},"end":{"line":133,"column":10}},"76":{"start":{"line":116,"column":2},"end":{"line":116,"column":16}},"77":{"start":{"line":117,"column":2},"end":{"line":119,"column":5}},"78":{"start":{"line":118,"column":3},"end":{"line":118,"column":17}},"79":{"start":{"line":120,"column":2},"end":{"line":132,"column":5}},"80":{"start":{"line":121,"column":3},"end":{"line":121,"column":27}},"81":{"start":{"line":123,"column":3},"end":{"line":126,"column":6}},"82":{"start":{"line":124,"column":4},"end":{"line":124,"column":27}},"83":{"start":{"line":127,"column":3},"end":{"line":127,"column":10}},"84":{"start":{"line":128,"column":3},"end":{"line":131,"column":4}},"85":{"start":{"line":129,"column":4},"end":{"line":129,"column":27}},"86":{"start":{"line":130,"column":4},"end":{"line":130,"column":109}},"87":{"start":{"line":134,"column":1},"end":{"line":142,"column":1}},"88":{"start":{"line":142,"column":1},"end":{"line":158,"column":10}},"89":{"start":{"line":143,"column":2},"end":{"line":143,"column":16}},"90":{"start":{"line":144,"column":2},"end":{"line":146,"column":5}},"91":{"start":{"line":145,"column":3},"end":{"line":145,"column":17}},"92":{"start":{"line":147,"column":2},"end":{"line":157,"column":5}},"93":{"start":{"line":148,"column":3},"end":{"line":148,"column":27}},"94":{"start":{"line":149,"column":3},"end":{"line":151,"column":6}},"95":{"start":{"line":150,"column":4},"end":{"line":150,"column":27}},"96":{"start":{"line":152,"column":3},"end":{"line":152,"column":10}},"97":{"start":{"line":153,"column":3},"end":{"line":156,"column":4}},"98":{"start":{"line":154,"column":4},"end":{"line":154,"column":27}},"99":{"start":{"line":155,"column":4},"end":{"line":155,"column":109}},"100":{"start":{"line":159,"column":1},"end":{"line":208,"column":4}},"101":{"start":{"line":160,"column":2},"end":{"line":160,"column":18}},"102":{"start":{"line":161,"column":2},"end":{"line":161,"column":27}},"103":{"start":{"line":161,"column":10},"end":{"line":161,"column":27}},"104":{"start":{"line":162,"column":2},"end":{"line":168,"column":3}},"105":{"start":{"line":163,"column":3},"end":{"line":164,"column":3}},"106":{"start":{"line":164,"column":3},"end":{"line":164,"column":10}},"107":{"start":{"line":165,"column":3},"end":{"line":166,"column":109}},"108":{"start":{"line":166,"column":4},"end":{"line":166,"column":109}},"109":{"start":{"line":167,"column":3},"end":{"line":167,"column":10}},"110":{"start":{"line":169,"column":2},"end":{"line":169,"column":32}},"111":{"start":{"line":170,"column":2},"end":{"line":207,"column":5}},"112":{"start":{"line":171,"column":3},"end":{"line":206,"column":6}},"113":{"start":{"line":172,"column":4},"end":{"line":172,"column":29}},"114":{"start":{"line":172,"column":12},"end":{"line":172,"column":29}},"115":{"start":{"line":173,"column":4},"end":{"line":173,"column":50}},"116":{"start":{"line":173,"column":32},"end":{"line":173,"column":50}},"117":{"start":{"line":174,"column":4},"end":{"line":174,"column":21}},"118":{"start":{"line":175,"column":4},"end":{"line":178,"column":5}},"119":{"start":{"line":176,"column":5},"end":{"line":176,"column":37}},"120":{"start":{"line":177,"column":5},"end":{"line":177,"column":33}},"121":{"start":{"line":179,"column":4},"end":{"line":182,"column":55}},"122":{"start":{"line":180,"column":5},"end":{"line":180,"column":22}},"123":{"start":{"line":182,"column":5},"end":{"line":182,"column":55}},"124":{"start":{"line":183,"column":4},"end":{"line":205,"column":7}},"125":{"start":{"line":184,"column":5},"end":{"line":184,"column":23}},"126":{"start":{"line":185,"column":5},"end":{"line":185,"column":52}},"127":{"start":{"line":185,"column":14},"end":{"line":185,"column":31}},"128":{"start":{"line":185,"column":32},"end":{"line":185,"column":51}},"129":{"start":{"line":186,"column":5},"end":{"line":186,"column":44}},"130":{"start":{"line":186,"column":25},"end":{"line":186,"column":44}},"131":{"start":{"line":187,"column":5},"end":{"line":187,"column":27}},"132":{"start":{"line":188,"column":5},"end":{"line":193,"column":6}},"133":{"start":{"line":189,"column":6},"end":{"line":189,"column":63}},"134":{"start":{"line":190,"column":6},"end":{"line":192,"column":25}},"135":{"start":{"line":191,"column":7},"end":{"line":192,"column":25}},"136":{"start":{"line":192,"column":8},"end":{"line":192,"column":25}},"137":{"start":{"line":194,"column":5},"end":{"line":194,"column":34}},"138":{"start":{"line":195,"column":5},"end":{"line":195,"column":32}},"139":{"start":{"line":197,"column":5},"end":{"line":197,"column":13}},"140":{"start":{"line":198,"column":5},"end":{"line":204,"column":6}},"141":{"start":{"line":199,"column":6},"end":{"line":199,"column":13}},"142":{"start":{"line":200,"column":6},"end":{"line":203,"column":7}},"143":{"start":{"line":201,"column":4},"end":{"line":201,"column":27}},"144":{"start":{"line":202,"column":7},"end":{"line":202,"column":112}},"145":{"start":{"line":211,"column":0},"end":{"line":213,"column":4}},"146":{"start":{"line":212,"column":1},"end":{"line":212,"column":94}},"147":{"start":{"line":215,"column":0},"end":{"line":217,"column":4}},"148":{"start":{"line":216,"column":1},"end":{"line":216,"column":77}},"149":{"start":{"line":219,"column":0},"end":{"line":249,"column":4}},"150":{"start":{"line":220,"column":1},"end":{"line":220,"column":42}},"151":{"start":{"line":221,"column":1},"end":{"line":248,"column":4}},"152":{"start":{"line":222,"column":2},"end":{"line":247,"column":5}},"153":{"start":{"line":223,"column":3},"end":{"line":223,"column":20}},"154":{"start":{"line":224,"column":3},"end":{"line":225,"column":32}},"155":{"start":{"line":225,"column":4},"end":{"line":225,"column":32}},"156":{"start":{"line":226,"column":3},"end":{"line":229,"column":53}},"157":{"start":{"line":227,"column":4},"end":{"line":227,"column":21}},"158":{"start":{"line":229,"column":4},"end":{"line":229,"column":53}},"159":{"start":{"line":230,"column":3},"end":{"line":246,"column":6}},"160":{"start":{"line":232,"column":4},"end":{"line":232,"column":26}},"161":{"start":{"line":233,"column":4},"end":{"line":238,"column":5}},"162":{"start":{"line":234,"column":5},"end":{"line":234,"column":62}},"163":{"start":{"line":235,"column":5},"end":{"line":237,"column":24}},"164":{"start":{"line":236,"column":6},"end":{"line":237,"column":24}},"165":{"start":{"line":237,"column":7},"end":{"line":237,"column":24}},"166":{"start":{"line":239,"column":4},"end":{"line":239,"column":33}},"167":{"start":{"line":240,"column":4},"end":{"line":240,"column":31}},"168":{"start":{"line":241,"column":4},"end":{"line":245,"column":7}},"169":{"start":{"line":242,"column":5},"end":{"line":242,"column":26}},"170":{"start":{"line":243,"column":5},"end":{"line":243,"column":25}},"171":{"start":{"line":244,"column":5},"end":{"line":244,"column":102}},"172":{"start":{"line":251,"column":0},"end":{"line":256,"column":4}},"173":{"start":{"line":252,"column":1},"end":{"line":255,"column":76}},"174":{"start":{"line":253,"column":2},"end":{"line":253,"column":74}},"175":{"start":{"line":255,"column":2},"end":{"line":255,"column":76}},"176":{"start":{"line":258,"column":0},"end":{"line":267,"column":4}},"177":{"start":{"line":259,"column":1},"end":{"line":266,"column":2}},"178":{"start":{"line":260,"column":2},"end":{"line":263,"column":38}},"179":{"start":{"line":261,"column":3},"end":{"line":261,"column":133}},"180":{"start":{"line":263,"column":3},"end":{"line":263,"column":38}},"181":{"start":{"line":265,"column":2},"end":{"line":265,"column":58}},"182":{"start":{"line":269,"column":0},"end":{"line":323,"column":4}},"183":{"start":{"line":270,"column":1},"end":{"line":270,"column":34}},"184":{"start":{"line":271,"column":1},"end":{"line":271,"column":37}},"185":{"start":{"line":272,"column":1},"end":{"line":272,"column":37}},"186":{"start":{"line":273,"column":1},"end":{"line":273,"column":36}},"187":{"start":{"line":274,"column":1},"end":{"line":274,"column":42}},"188":{"start":{"line":275,"column":1},"end":{"line":275,"column":34}},"189":{"start":{"line":276,"column":1},"end":{"line":276,"column":34}},"190":{"start":{"line":277,"column":1},"end":{"line":277,"column":32}},"191":{"start":{"line":278,"column":1},"end":{"line":278,"column":140}},"192":{"start":{"line":278,"column":72},"end":{"line":278,"column":131}},"193":{"start":{"line":278,"column":132},"end":{"line":278,"column":139}},"194":{"start":{"line":279,"column":1},"end":{"line":279,"column":78}},"195":{"start":{"line":279,"column":26},"end":{"line":279,"column":69}},"196":{"start":{"line":279,"column":70},"end":{"line":279,"column":77}},"197":{"start":{"line":280,"column":1},"end":{"line":322,"column":4}},"198":{"start":{"line":281,"column":2},"end":{"line":321,"column":5}},"199":{"start":{"line":282,"column":3},"end":{"line":282,"column":42}},"200":{"start":{"line":282,"column":12},"end":{"line":282,"column":32}},"201":{"start":{"line":282,"column":33},"end":{"line":282,"column":40}},"202":{"start":{"line":283,"column":3},"end":{"line":283,"column":134}},"203":{"start":{"line":283,"column":24},"end":{"line":283,"column":124}},"204":{"start":{"line":283,"column":125},"end":{"line":283,"column":132}},"205":{"start":{"line":284,"column":3},"end":{"line":320,"column":6}},"206":{"start":{"line":285,"column":4},"end":{"line":285,"column":68}},"207":{"start":{"line":285,"column":13},"end":{"line":285,"column":58}},"208":{"start":{"line":285,"column":59},"end":{"line":285,"column":66}},"209":{"start":{"line":286,"column":4},"end":{"line":319,"column":7}},"210":{"start":{"line":287,"column":5},"end":{"line":287,"column":44}},"211":{"start":{"line":287,"column":14},"end":{"line":287,"column":34}},"212":{"start":{"line":287,"column":35},"end":{"line":287,"column":42}},"213":{"start":{"line":288,"column":5},"end":{"line":318,"column":8}},"214":{"start":{"line":289,"column":6},"end":{"line":289,"column":45}},"215":{"start":{"line":289,"column":15},"end":{"line":289,"column":35}},"216":{"start":{"line":289,"column":36},"end":{"line":289,"column":43}},"217":{"start":{"line":290,"column":6},"end":{"line":317,"column":9}},"218":{"start":{"line":291,"column":7},"end":{"line":295,"column":8}},"219":{"start":{"line":292,"column":8},"end":{"line":292,"column":28}},"220":{"start":{"line":293,"column":8},"end":{"line":293,"column":95}},"221":{"start":{"line":294,"column":8},"end":{"line":294,"column":15}},"222":{"start":{"line":296,"column":7},"end":{"line":316,"column":10}},"223":{"start":{"line":297,"column":8},"end":{"line":297,"column":44}},"224":{"start":{"line":298,"column":8},"end":{"line":315,"column":11}},"225":{"start":{"line":299,"column":9},"end":{"line":314,"column":12}},"226":{"start":{"line":305,"column":10},"end":{"line":311,"column":11}},"227":{"start":{"line":306,"column":11},"end":{"line":306,"column":98}},"228":{"start":{"line":307,"column":11},"end":{"line":307,"column":77}},"229":{"start":{"line":308,"column":11},"end":{"line":308,"column":35}},"230":{"start":{"line":309,"column":11},"end":{"line":309,"column":67}},"231":{"start":{"line":310,"column":11},"end":{"line":310,"column":18}},"232":{"start":{"line":312,"column":10},"end":{"line":312,"column":35}},"233":{"start":{"line":313,"column":10},"end":{"line":313,"column":36}},"234":{"start":{"line":325,"column":0},"end":{"line":348,"column":4}},"235":{"start":{"line":326,"column":1},"end":{"line":326,"column":34}},"236":{"start":{"line":327,"column":1},"end":{"line":327,"column":37}},"237":{"start":{"line":328,"column":1},"end":{"line":328,"column":42}},"238":{"start":{"line":329,"column":1},"end":{"line":329,"column":34}},"239":{"start":{"line":330,"column":1},"end":{"line":330,"column":53}},"240":{"start":{"line":331,"column":1},"end":{"line":347,"column":4}},"241":{"start":{"line":332,"column":2},"end":{"line":346,"column":5}},"242":{"start":{"line":333,"column":3},"end":{"line":333,"column":42}},"243":{"start":{"line":333,"column":12},"end":{"line":333,"column":32}},"244":{"start":{"line":333,"column":33},"end":{"line":333,"column":40}},"245":{"start":{"line":334,"column":3},"end":{"line":334,"column":78}},"246":{"start":{"line":334,"column":24},"end":{"line":334,"column":68}},"247":{"start":{"line":334,"column":69},"end":{"line":334,"column":76}},"248":{"start":{"line":335,"column":3},"end":{"line":335,"column":156}},"249":{"start":{"line":335,"column":32},"end":{"line":335,"column":146}},"250":{"start":{"line":335,"column":147},"end":{"line":335,"column":154}},"251":{"start":{"line":336,"column":3},"end":{"line":345,"column":6}},"252":{"start":{"line":337,"column":4},"end":{"line":337,"column":43}},"253":{"start":{"line":337,"column":13},"end":{"line":337,"column":33}},"254":{"start":{"line":337,"column":34},"end":{"line":337,"column":41}},"255":{"start":{"line":338,"column":4},"end":{"line":338,"column":102}},"256":{"start":{"line":338,"column":25},"end":{"line":338,"column":92}},"257":{"start":{"line":338,"column":93},"end":{"line":338,"column":100}},"258":{"start":{"line":339,"column":4},"end":{"line":344,"column":7}},"259":{"start":{"line":340,"column":5},"end":{"line":340,"column":44}},"260":{"start":{"line":340,"column":14},"end":{"line":340,"column":34}},"261":{"start":{"line":340,"column":35},"end":{"line":340,"column":42}},"262":{"start":{"line":341,"column":5},"end":{"line":341,"column":81}},"263":{"start":{"line":341,"column":23},"end":{"line":341,"column":71}},"264":{"start":{"line":341,"column":72},"end":{"line":341,"column":79}},"265":{"start":{"line":342,"column":5},"end":{"line":342,"column":63}},"266":{"start":{"line":343,"column":5},"end":{"line":343,"column":23}},"267":{"start":{"line":350,"column":0},"end":{"line":353,"column":4}},"268":{"start":{"line":351,"column":1},"end":{"line":351,"column":25}},"269":{"start":{"line":352,"column":1},"end":{"line":352,"column":19}},"270":{"start":{"line":355,"column":0},"end":{"line":355,"column":78}},"271":{"start":{"line":355,"column":41},"end":{"line":355,"column":74}},"272":{"start":{"line":357,"column":0},"end":{"line":364,"column":4}},"273":{"start":{"line":358,"column":1},"end":{"line":358,"column":36}},"274":{"start":{"line":359,"column":1},"end":{"line":363,"column":4}},"275":{"start":{"line":360,"column":2},"end":{"line":362,"column":5}},"276":{"start":{"line":361,"column":3},"end":{"line":361,"column":37}},"277":{"start":{"line":366,"column":0},"end":{"line":375,"column":4}},"278":{"start":{"line":367,"column":1},"end":{"line":367,"column":163}},"279":{"start":{"line":368,"column":1},"end":{"line":368,"column":91}},"280":{"start":{"line":368,"column":71},"end":{"line":368,"column":88}},"281":{"start":{"line":369,"column":1},"end":{"line":374,"column":4}},"282":{"start":{"line":370,"column":2},"end":{"line":373,"column":35}},"283":{"start":{"line":371,"column":3},"end":{"line":371,"column":51}},"284":{"start":{"line":373,"column":3},"end":{"line":373,"column":35}},"285":{"start":{"line":377,"column":0},"end":{"line":382,"column":4}},"286":{"start":{"line":378,"column":1},"end":{"line":378,"column":45}},"287":{"start":{"line":379,"column":1},"end":{"line":379,"column":57}},"288":{"start":{"line":379,"column":37},"end":{"line":379,"column":54}},"289":{"start":{"line":380,"column":1},"end":{"line":380,"column":68}},"290":{"start":{"line":381,"column":1},"end":{"line":381,"column":19}},"291":{"start":{"line":384,"column":0},"end":{"line":411,"column":4}},"292":{"start":{"line":385,"column":1},"end":{"line":385,"column":47}},"293":{"start":{"line":386,"column":1},"end":{"line":386,"column":89}},"294":{"start":{"line":386,"column":21},"end":{"line":386,"column":81}},"295":{"start":{"line":386,"column":82},"end":{"line":386,"column":88}},"296":{"start":{"line":388,"column":1},"end":{"line":388,"column":37}},"297":{"start":{"line":389,"column":1},"end":{"line":389,"column":37}},"298":{"start":{"line":390,"column":1},"end":{"line":390,"column":37}},"299":{"start":{"line":391,"column":1},"end":{"line":391,"column":30}},"300":{"start":{"line":392,"column":1},"end":{"line":392,"column":30}},"301":{"start":{"line":393,"column":1},"end":{"line":393,"column":30}},"302":{"start":{"line":394,"column":1},"end":{"line":394,"column":35}},"303":{"start":{"line":395,"column":1},"end":{"line":395,"column":48}},"304":{"start":{"line":397,"column":1},"end":{"line":397,"column":88}},"305":{"start":{"line":397,"column":68},"end":{"line":397,"column":85}},"306":{"start":{"line":398,"column":1},"end":{"line":410,"column":4}},"307":{"start":{"line":399,"column":2},"end":{"line":409,"column":5}},"308":{"start":{"line":400,"column":3},"end":{"line":400,"column":56}},"309":{"start":{"line":400,"column":11},"end":{"line":400,"column":28}},"310":{"start":{"line":400,"column":29},"end":{"line":400,"column":47}},"311":{"start":{"line":400,"column":48},"end":{"line":400,"column":55}},"312":{"start":{"line":401,"column":3},"end":{"line":408,"column":6}},"313":{"start":{"line":402,"column":4},"end":{"line":402,"column":57}},"314":{"start":{"line":402,"column":12},"end":{"line":402,"column":29}},"315":{"start":{"line":402,"column":30},"end":{"line":402,"column":48}},"316":{"start":{"line":402,"column":49},"end":{"line":402,"column":56}},"317":{"start":{"line":403,"column":4},"end":{"line":403,"column":27}},"318":{"start":{"line":404,"column":4},"end":{"line":406,"column":5}},"319":{"start":{"line":405,"column":5},"end":{"line":405,"column":88}},"320":{"start":{"line":407,"column":4},"end":{"line":407,"column":31}},"321":{"start":{"line":413,"column":0},"end":{"line":423,"column":4}},"322":{"start":{"line":414,"column":1},"end":{"line":414,"column":22}},"323":{"start":{"line":415,"column":1},"end":{"line":415,"column":40}},"324":{"start":{"line":416,"column":1},"end":{"line":416,"column":30}},"325":{"start":{"line":417,"column":1},"end":{"line":420,"column":2}},"326":{"start":{"line":418,"column":2},"end":{"line":418,"column":94}},"327":{"start":{"line":419,"column":2},"end":{"line":419,"column":9}},"328":{"start":{"line":421,"column":1},"end":{"line":421,"column":43}},"329":{"start":{"line":422,"column":1},"end":{"line":422,"column":99}},"330":{"start":{"line":425,"column":0},"end":{"line":438,"column":4}},"331":{"start":{"line":426,"column":1},"end":{"line":426,"column":20}},"332":{"start":{"line":427,"column":1},"end":{"line":427,"column":40}},"333":{"start":{"line":428,"column":1},"end":{"line":428,"column":30}},"334":{"start":{"line":429,"column":1},"end":{"line":432,"column":2}},"335":{"start":{"line":430,"column":2},"end":{"line":430,"column":94}},"336":{"start":{"line":431,"column":2},"end":{"line":431,"column":9}},"337":{"start":{"line":433,"column":1},"end":{"line":433,"column":43}},"338":{"start":{"line":434,"column":1},"end":{"line":437,"column":4}},"339":{"start":{"line":435,"column":2},"end":{"line":436,"column":25}},"340":{"start":{"line":435,"column":10},"end":{"line":435,"column":35}},"341":{"start":{"line":436,"column":7},"end":{"line":436,"column":25}},"342":{"start":{"line":440,"column":0},"end":{"line":466,"column":4}},"343":{"start":{"line":441,"column":1},"end":{"line":443,"column":2}},"344":{"start":{"line":442,"column":2},"end":{"line":442,"column":60}},"345":{"start":{"line":442,"column":61},"end":{"line":442,"column":68}},"346":{"start":{"line":445,"column":1},"end":{"line":445,"column":34}},"347":{"start":{"line":446,"column":1},"end":{"line":446,"column":37}},"348":{"start":{"line":447,"column":1},"end":{"line":447,"column":42}},"349":{"start":{"line":448,"column":1},"end":{"line":448,"column":34}},"350":{"start":{"line":450,"column":1},"end":{"line":465,"column":4}},"351":{"start":{"line":451,"column":2},"end":{"line":464,"column":5}},"352":{"start":{"line":452,"column":3},"end":{"line":452,"column":64}},"353":{"start":{"line":452,"column":12},"end":{"line":452,"column":54}},"354":{"start":{"line":452,"column":55},"end":{"line":452,"column":62}},"355":{"start":{"line":453,"column":3},"end":{"line":453,"column":94}},"356":{"start":{"line":453,"column":24},"end":{"line":453,"column":84}},"357":{"start":{"line":453,"column":85},"end":{"line":453,"column":92}},"358":{"start":{"line":454,"column":3},"end":{"line":454,"column":96}},"359":{"start":{"line":454,"column":32},"end":{"line":454,"column":86}},"360":{"start":{"line":454,"column":87},"end":{"line":454,"column":94}},"361":{"start":{"line":455,"column":3},"end":{"line":463,"column":6}},"362":{"start":{"line":456,"column":4},"end":{"line":456,"column":65}},"363":{"start":{"line":456,"column":13},"end":{"line":456,"column":55}},"364":{"start":{"line":456,"column":56},"end":{"line":456,"column":63}},"365":{"start":{"line":457,"column":4},"end":{"line":457,"column":87}},"366":{"start":{"line":457,"column":25},"end":{"line":457,"column":77}},"367":{"start":{"line":457,"column":78},"end":{"line":457,"column":85}},"368":{"start":{"line":458,"column":4},"end":{"line":462,"column":7}},"369":{"start":{"line":459,"column":5},"end":{"line":459,"column":66}},"370":{"start":{"line":459,"column":14},"end":{"line":459,"column":56}},"371":{"start":{"line":459,"column":57},"end":{"line":459,"column":64}},"372":{"start":{"line":460,"column":5},"end":{"line":460,"column":91}},"373":{"start":{"line":460,"column":22},"end":{"line":460,"column":81}},"374":{"start":{"line":460,"column":82},"end":{"line":460,"column":89}},"375":{"start":{"line":461,"column":5},"end":{"line":461,"column":48}},"376":{"start":{"line":468,"column":0},"end":{"line":484,"column":4}},"377":{"start":{"line":469,"column":1},"end":{"line":478,"column":0}},"378":{"start":{"line":478,"column":0},"end":{"line":478,"column":25}},"379":{"start":{"line":479,"column":1},"end":{"line":479,"column":31}},"380":{"start":{"line":480,"column":1},"end":{"line":480,"column":45}},"381":{"start":{"line":481,"column":1},"end":{"line":481,"column":56}},"382":{"start":{"line":482,"column":1},"end":{"line":482,"column":25}},"383":{"start":{"line":483,"column":1},"end":{"line":483,"column":15}},"384":{"start":{"line":486,"column":0},"end":{"line":508,"column":4}},"385":{"start":{"line":487,"column":1},"end":{"line":487,"column":65}},"386":{"start":{"line":488,"column":1},"end":{"line":488,"column":24}},"387":{"start":{"line":489,"column":1},"end":{"line":489,"column":40}},"388":{"start":{"line":490,"column":1},"end":{"line":490,"column":39}},"389":{"start":{"line":491,"column":1},"end":{"line":491,"column":113}},"390":{"start":{"line":491,"column":47},"end":{"line":491,"column":105}},"391":{"start":{"line":491,"column":106},"end":{"line":491,"column":112}},"392":{"start":{"line":492,"column":1},"end":{"line":507,"column":2}},"393":{"start":{"line":493,"column":2},"end":{"line":493,"column":31}},"394":{"start":{"line":494,"column":2},"end":{"line":494,"column":35}},"395":{"start":{"line":495,"column":2},"end":{"line":500,"column":3}},"396":{"start":{"line":496,"column":3},"end":{"line":496,"column":36}},"397":{"start":{"line":497,"column":3},"end":{"line":497,"column":25}},"398":{"start":{"line":498,"column":3},"end":{"line":498,"column":27}},"399":{"start":{"line":499,"column":3},"end":{"line":499,"column":17}},"400":{"start":{"line":501,"column":2},"end":{"line":501,"column":25}},"401":{"start":{"line":502,"column":2},"end":{"line":502,"column":44}},"402":{"start":{"line":503,"column":2},"end":{"line":503,"column":38}},"403":{"start":{"line":504,"column":2},"end":{"line":504,"column":42}},"404":{"start":{"line":506,"column":2},"end":{"line":506,"column":86}},"405":{"start":{"line":510,"column":0},"end":{"line":516,"column":4}},"406":{"start":{"line":511,"column":1},"end":{"line":514,"column":2}},"407":{"start":{"line":512,"column":2},"end":{"line":512,"column":64}},"408":{"start":{"line":513,"column":2},"end":{"line":513,"column":9}},"409":{"start":{"line":515,"column":1},"end":{"line":515,"column":61}},"410":{"start":{"line":518,"column":0},"end":{"line":526,"column":4}},"411":{"start":{"line":519,"column":1},"end":{"line":525,"column":2}},"412":{"start":{"line":520,"column":2},"end":{"line":520,"column":52}},"413":{"start":{"line":522,"column":2},"end":{"line":525,"column":1}},"414":{"start":{"line":523,"column":3},"end":{"line":524,"column":2}},"415":{"start":{"line":528,"column":0},"end":{"line":544,"column":4}},"416":{"start":{"line":529,"column":1},"end":{"line":529,"column":34}},"417":{"start":{"line":530,"column":1},"end":{"line":543,"column":4}},"418":{"start":{"line":531,"column":2},"end":{"line":531,"column":100}},"419":{"start":{"line":531,"column":31},"end":{"line":531,"column":91}},"420":{"start":{"line":531,"column":92},"end":{"line":531,"column":99}},"421":{"start":{"line":532,"column":2},"end":{"line":542,"column":5}},"422":{"start":{"line":533,"column":3},"end":{"line":533,"column":80}},"423":{"start":{"line":533,"column":11},"end":{"line":533,"column":53}},"424":{"start":{"line":533,"column":54},"end":{"line":533,"column":71}},"425":{"start":{"line":533,"column":72},"end":{"line":533,"column":79}},"426":{"start":{"line":534,"column":3},"end":{"line":534,"column":95}},"427":{"start":{"line":534,"column":26},"end":{"line":534,"column":86}},"428":{"start":{"line":534,"column":87},"end":{"line":534,"column":94}},"429":{"start":{"line":535,"column":3},"end":{"line":540,"column":4}},"430":{"start":{"line":536,"column":4},"end":{"line":539,"column":93}},"431":{"start":{"line":537,"column":5},"end":{"line":537,"column":64}},"432":{"start":{"line":539,"column":5},"end":{"line":539,"column":93}},"433":{"start":{"line":541,"column":3},"end":{"line":541,"column":53}},"434":{"start":{"line":546,"column":0},"end":{"line":552,"column":4}},"435":{"start":{"line":547,"column":1},"end":{"line":551,"column":4}},"436":{"start":{"line":548,"column":2},"end":{"line":548,"column":79}},"437":{"start":{"line":548,"column":10},"end":{"line":548,"column":52}},"438":{"start":{"line":548,"column":53},"end":{"line":548,"column":70}},"439":{"start":{"line":548,"column":71},"end":{"line":548,"column":78}},"440":{"start":{"line":549,"column":2},"end":{"line":549,"column":86}},"441":{"start":{"line":549,"column":23},"end":{"line":549,"column":77}},"442":{"start":{"line":549,"column":78},"end":{"line":549,"column":85}},"443":{"start":{"line":550,"column":2},"end":{"line":550,"column":42}},"444":{"start":{"line":554,"column":0},"end":{"line":560,"column":4}},"445":{"start":{"line":555,"column":1},"end":{"line":559,"column":4}},"446":{"start":{"line":556,"column":2},"end":{"line":556,"column":79}},"447":{"start":{"line":556,"column":10},"end":{"line":556,"column":52}},"448":{"start":{"line":556,"column":53},"end":{"line":556,"column":70}},"449":{"start":{"line":556,"column":71},"end":{"line":556,"column":78}},"450":{"start":{"line":557,"column":2},"end":{"line":557,"column":78}},"451":{"start":{"line":557,"column":23},"end":{"line":557,"column":77}},"452":{"start":{"line":558,"column":2},"end":{"line":558,"column":42}},"453":{"start":{"line":562,"column":0},"end":{"line":564,"column":4}},"454":{"start":{"line":563,"column":1},"end":{"line":563,"column":60}},"455":{"start":{"line":567,"column":0},"end":{"line":574,"column":4}},"456":{"start":{"line":568,"column":1},"end":{"line":572,"column":4}},"457":{"start":{"line":573,"column":1},"end":{"line":573,"column":42}},"458":{"start":{"line":580,"column":0},"end":{"line":583,"column":2}},"459":{"start":{"line":581,"column":1},"end":{"line":581,"column":64}},"460":{"start":{"line":581,"column":30},"end":{"line":581,"column":62}},"461":{"start":{"line":582,"column":1},"end":{"line":582,"column":13}},"462":{"start":{"line":584,"column":0},"end":{"line":592,"column":2}},"463":{"start":{"line":585,"column":1},"end":{"line":585,"column":53}},"464":{"start":{"line":585,"column":29},"end":{"line":585,"column":53}},"465":{"start":{"line":586,"column":1},"end":{"line":590,"column":2}},"466":{"start":{"line":587,"column":2},"end":{"line":587,"column":27}},"467":{"start":{"line":588,"column":2},"end":{"line":588,"column":65}},"468":{"start":{"line":588,"column":31},"end":{"line":588,"column":63}},"469":{"start":{"line":589,"column":2},"end":{"line":589,"column":14}},"470":{"start":{"line":591,"column":1},"end":{"line":591,"column":13}},"471":{"start":{"line":593,"column":0},"end":{"line":597,"column":0}},"472":{"start":{"line":594,"column":1},"end":{"line":594,"column":16}},"473":{"start":{"line":595,"column":1},"end":{"line":595,"column":28}},"474":{"start":{"line":597,"column":0},"end":{"line":608,"column":0}},"475":{"start":{"line":602,"column":2},"end":{"line":602,"column":11}},"476":{"start":{"line":608,"column":0},"end":{"line":636,"column":0}},"477":{"start":{"line":609,"column":1},"end":{"line":609,"column":21}},"478":{"start":{"line":610,"column":1},"end":{"line":611,"column":43}},"479":{"start":{"line":611,"column":2},"end":{"line":611,"column":43}},"480":{"start":{"line":612,"column":1},"end":{"line":613,"column":38}},"481":{"start":{"line":613,"column":2},"end":{"line":613,"column":38}},"482":{"start":{"line":614,"column":1},"end":{"line":619,"column":1}},"483":{"start":{"line":616,"column":2},"end":{"line":616,"column":67}},"484":{"start":{"line":617,"column":2},"end":{"line":617,"column":29}},"485":{"start":{"line":619,"column":1},"end":{"line":619,"column":19}},"486":{"start":{"line":620,"column":1},"end":{"line":620,"column":32}},"487":{"start":{"line":621,"column":1},"end":{"line":629,"column":1}},"488":{"start":{"line":622,"column":2},"end":{"line":622,"column":35}},"489":{"start":{"line":623,"column":2},"end":{"line":624,"column":44}},"490":{"start":{"line":624,"column":3},"end":{"line":624,"column":44}},"491":{"start":{"line":625,"column":2},"end":{"line":627,"column":11}},"492":{"start":{"line":626,"column":3},"end":{"line":626,"column":23}},"493":{"start":{"line":629,"column":1},"end":{"line":634,"column":1}},"494":{"start":{"line":630,"column":2},"end":{"line":630,"column":40}},"495":{"start":{"line":631,"column":2},"end":{"line":631,"column":26}},"496":{"start":{"line":632,"column":2},"end":{"line":632,"column":16}},"497":{"start":{"line":634,"column":1},"end":{"line":634,"column":19}},"498":{"start":{"line":636,"column":0},"end":{"line":636,"column":29}},"499":{"start":{"line":637,"column":0},"end":{"line":637,"column":27}},"500":{"start":{"line":638,"column":0},"end":{"line":647,"column":0}},"501":{"start":{"line":639,"column":1},"end":{"line":639,"column":26}},"502":{"start":{"line":640,"column":1},"end":{"line":641,"column":35}},"503":{"start":{"line":641,"column":2},"end":{"line":641,"column":35}},"504":{"start":{"line":642,"column":1},"end":{"line":642,"column":24}},"505":{"start":{"line":643,"column":1},"end":{"line":644,"column":13}},"506":{"start":{"line":644,"column":2},"end":{"line":644,"column":13}}},"branchMap":{"1":{"line":12,"type":"if","locations":[{"start":{"line":12,"column":0},"end":{"line":12,"column":0}},{"start":{"line":12,"column":0},"end":{"line":12,"column":0}}]},"2":{"line":18,"type":"if","locations":[{"start":{"line":18,"column":0},"end":{"line":18,"column":0}},{"start":{"line":18,"column":0},"end":{"line":18,"column":0}}]},"3":{"line":20,"type":"if","locations":[{"start":{"line":20,"column":255},"end":{"line":20,"column":255}},{"start":{"line":20,"column":255},"end":{"line":20,"column":255}}]},"4":{"line":21,"type":"if","locations":[{"start":{"line":21,"column":111},"end":{"line":21,"column":111}},{"start":{"line":21,"column":111},"end":{"line":21,"column":111}}]},"5":{"line":22,"type":"if","locations":[{"start":{"line":22,"column":228},"end":{"line":22,"column":228}},{"start":{"line":22,"column":228},"end":{"line":22,"column":228}}]},"6":{"line":23,"type":"if","locations":[{"start":{"line":23,"column":269},"end":{"line":23,"column":269}},{"start":{"line":23,"column":269},"end":{"line":23,"column":269}}]},"7":{"line":24,"type":"if","locations":[{"start":{"line":24,"column":145},"end":{"line":24,"column":145}},{"start":{"line":24,"column":145},"end":{"line":24,"column":145}}]},"8":{"line":25,"type":"if","locations":[{"start":{"line":25,"column":136},"end":{"line":25,"column":136}},{"start":{"line":25,"column":136},"end":{"line":25,"column":136}}]},"9":{"line":26,"type":"if","locations":[{"start":{"line":26,"column":137},"end":{"line":26,"column":137}},{"start":{"line":26,"column":137},"end":{"line":26,"column":137}}]},"10":{"line":32,"type":"if","locations":[{"start":{"line":32,"column":1},"end":{"line":32,"column":1}},{"start":{"line":32,"column":1},"end":{"line":32,"column":1}}]},"11":{"line":81,"type":"if","locations":[{"start":{"line":81,"column":1},"end":{"line":81,"column":1}},{"start":{"line":81,"column":1},"end":{"line":81,"column":1}}]},"12":{"line":92,"type":"if","locations":[{"start":{"line":92,"column":3},"end":{"line":92,"column":3}},{"start":{"line":92,"column":3},"end":{"line":92,"column":3}}]},"13":{"line":128,"type":"if","locations":[{"start":{"line":128,"column":3},"end":{"line":128,"column":3}},{"start":{"line":128,"column":3},"end":{"line":128,"column":3}}]},"14":{"line":153,"type":"if","locations":[{"start":{"line":153,"column":3},"end":{"line":153,"column":3}},{"start":{"line":153,"column":3},"end":{"line":153,"column":3}}]},"15":{"line":161,"type":"if","locations":[{"start":{"line":161,"column":2},"end":{"line":161,"column":2}},{"start":{"line":161,"column":2},"end":{"line":161,"column":2}}]},"16":{"line":162,"type":"if","locations":[{"start":{"line":162,"column":2},"end":{"line":162,"column":2}},{"start":{"line":162,"column":2},"end":{"line":162,"column":2}}]},"17":{"line":162,"type":"binary-expr","locations":[{"start":{"line":162,"column":5},"end":{"line":162,"column":23}},{"start":{"line":162,"column":27},"end":{"line":162,"column":44}}]},"18":{"line":165,"type":"if","locations":[{"start":{"line":165,"column":3},"end":{"line":165,"column":3}},{"start":{"line":165,"column":3},"end":{"line":165,"column":3}}]},"19":{"line":172,"type":"if","locations":[{"start":{"line":172,"column":4},"end":{"line":172,"column":4}},{"start":{"line":172,"column":4},"end":{"line":172,"column":4}}]},"20":{"line":173,"type":"if","locations":[{"start":{"line":173,"column":4},"end":{"line":173,"column":4}},{"start":{"line":173,"column":4},"end":{"line":173,"column":4}}]},"21":{"line":173,"type":"binary-expr","locations":[{"start":{"line":173,"column":7},"end":{"line":173,"column":10}},{"start":{"line":173,"column":14},"end":{"line":173,"column":30}}]},"22":{"line":179,"type":"if","locations":[{"start":{"line":179,"column":4},"end":{"line":179,"column":4}},{"start":{"line":179,"column":4},"end":{"line":179,"column":4}}]},"23":{"line":185,"type":"if","locations":[{"start":{"line":185,"column":5},"end":{"line":185,"column":5}},{"start":{"line":185,"column":5},"end":{"line":185,"column":5}}]},"24":{"line":186,"type":"if","locations":[{"start":{"line":186,"column":5},"end":{"line":186,"column":5}},{"start":{"line":186,"column":5},"end":{"line":186,"column":5}}]},"25":{"line":188,"type":"if","locations":[{"start":{"line":188,"column":5},"end":{"line":188,"column":5}},{"start":{"line":188,"column":5},"end":{"line":188,"column":5}}]},"26":{"line":191,"type":"if","locations":[{"start":{"line":191,"column":7},"end":{"line":191,"column":7}},{"start":{"line":191,"column":7},"end":{"line":191,"column":7}}]},"27":{"line":198,"type":"if","locations":[{"start":{"line":198,"column":5},"end":{"line":198,"column":5}},{"start":{"line":198,"column":5},"end":{"line":198,"column":5}}]},"28":{"line":200,"type":"if","locations":[{"start":{"line":200,"column":6},"end":{"line":200,"column":6}},{"start":{"line":200,"column":6},"end":{"line":200,"column":6}}]},"29":{"line":226,"type":"if","locations":[{"start":{"line":226,"column":3},"end":{"line":226,"column":3}},{"start":{"line":226,"column":3},"end":{"line":226,"column":3}}]},"30":{"line":233,"type":"if","locations":[{"start":{"line":233,"column":4},"end":{"line":233,"column":4}},{"start":{"line":233,"column":4},"end":{"line":233,"column":4}}]},"31":{"line":236,"type":"if","locations":[{"start":{"line":236,"column":6},"end":{"line":236,"column":6}},{"start":{"line":236,"column":6},"end":{"line":236,"column":6}}]},"32":{"line":252,"type":"if","locations":[{"start":{"line":252,"column":1},"end":{"line":252,"column":1}},{"start":{"line":252,"column":1},"end":{"line":252,"column":1}}]},"33":{"line":259,"type":"if","locations":[{"start":{"line":259,"column":1},"end":{"line":259,"column":1}},{"start":{"line":259,"column":1},"end":{"line":259,"column":1}}]},"34":{"line":260,"type":"if","locations":[{"start":{"line":260,"column":2},"end":{"line":260,"column":2}},{"start":{"line":260,"column":2},"end":{"line":260,"column":2}}]},"35":{"line":278,"type":"if","locations":[{"start":{"line":278,"column":1},"end":{"line":278,"column":1}},{"start":{"line":278,"column":1},"end":{"line":278,"column":1}}]},"36":{"line":278,"type":"binary-expr","locations":[{"start":{"line":278,"column":4},"end":{"line":278,"column":21}},{"start":{"line":278,"column":25},"end":{"line":278,"column":45}},{"start":{"line":278,"column":49},"end":{"line":278,"column":69}}]},"37":{"line":279,"type":"if","locations":[{"start":{"line":279,"column":1},"end":{"line":279,"column":1}},{"start":{"line":279,"column":1},"end":{"line":279,"column":1}}]},"38":{"line":282,"type":"if","locations":[{"start":{"line":282,"column":3},"end":{"line":282,"column":3}},{"start":{"line":282,"column":3},"end":{"line":282,"column":3}}]},"39":{"line":283,"type":"if","locations":[{"start":{"line":283,"column":3},"end":{"line":283,"column":3}},{"start":{"line":283,"column":3},"end":{"line":283,"column":3}}]},"40":{"line":285,"type":"if","locations":[{"start":{"line":285,"column":4},"end":{"line":285,"column":4}},{"start":{"line":285,"column":4},"end":{"line":285,"column":4}}]},"41":{"line":287,"type":"if","locations":[{"start":{"line":287,"column":5},"end":{"line":287,"column":5}},{"start":{"line":287,"column":5},"end":{"line":287,"column":5}}]},"42":{"line":289,"type":"if","locations":[{"start":{"line":289,"column":6},"end":{"line":289,"column":6}},{"start":{"line":289,"column":6},"end":{"line":289,"column":6}}]},"43":{"line":291,"type":"if","locations":[{"start":{"line":291,"column":7},"end":{"line":291,"column":7}},{"start":{"line":291,"column":7},"end":{"line":291,"column":7}}]},"44":{"line":305,"type":"if","locations":[{"start":{"line":305,"column":10},"end":{"line":305,"column":10}},{"start":{"line":305,"column":10},"end":{"line":305,"column":10}}]},"45":{"line":333,"type":"if","locations":[{"start":{"line":333,"column":3},"end":{"line":333,"column":3}},{"start":{"line":333,"column":3},"end":{"line":333,"column":3}}]},"46":{"line":334,"type":"if","locations":[{"start":{"line":334,"column":3},"end":{"line":334,"column":3}},{"start":{"line":334,"column":3},"end":{"line":334,"column":3}}]},"47":{"line":335,"type":"if","locations":[{"start":{"line":335,"column":3},"end":{"line":335,"column":3}},{"start":{"line":335,"column":3},"end":{"line":335,"column":3}}]},"48":{"line":337,"type":"if","locations":[{"start":{"line":337,"column":4},"end":{"line":337,"column":4}},{"start":{"line":337,"column":4},"end":{"line":337,"column":4}}]},"49":{"line":338,"type":"if","locations":[{"start":{"line":338,"column":4},"end":{"line":338,"column":4}},{"start":{"line":338,"column":4},"end":{"line":338,"column":4}}]},"50":{"line":340,"type":"if","locations":[{"start":{"line":340,"column":5},"end":{"line":340,"column":5}},{"start":{"line":340,"column":5},"end":{"line":340,"column":5}}]},"51":{"line":341,"type":"if","locations":[{"start":{"line":341,"column":5},"end":{"line":341,"column":5}},{"start":{"line":341,"column":5},"end":{"line":341,"column":5}}]},"52":{"line":370,"type":"if","locations":[{"start":{"line":370,"column":2},"end":{"line":370,"column":2}},{"start":{"line":370,"column":2},"end":{"line":370,"column":2}}]},"53":{"line":386,"type":"if","locations":[{"start":{"line":386,"column":1},"end":{"line":386,"column":1}},{"start":{"line":386,"column":1},"end":{"line":386,"column":1}}]},"54":{"line":400,"type":"if","locations":[{"start":{"line":400,"column":3},"end":{"line":400,"column":3}},{"start":{"line":400,"column":3},"end":{"line":400,"column":3}}]},"55":{"line":402,"type":"if","locations":[{"start":{"line":402,"column":4},"end":{"line":402,"column":4}},{"start":{"line":402,"column":4},"end":{"line":402,"column":4}}]},"56":{"line":417,"type":"if","locations":[{"start":{"line":417,"column":1},"end":{"line":417,"column":1}},{"start":{"line":417,"column":1},"end":{"line":417,"column":1}}]},"57":{"line":429,"type":"if","locations":[{"start":{"line":429,"column":1},"end":{"line":429,"column":1}},{"start":{"line":429,"column":1},"end":{"line":429,"column":1}}]},"58":{"line":435,"type":"if","locations":[{"start":{"line":435,"column":2},"end":{"line":435,"column":2}},{"start":{"line":435,"column":2},"end":{"line":435,"column":2}}]},"59":{"line":441,"type":"if","locations":[{"start":{"line":441,"column":1},"end":{"line":441,"column":1}},{"start":{"line":441,"column":1},"end":{"line":441,"column":1}}]},"60":{"line":441,"type":"binary-expr","locations":[{"start":{"line":441,"column":4},"end":{"line":441,"column":29}},{"start":{"line":441,"column":33},"end":{"line":441,"column":61}}]},"61":{"line":452,"type":"if","locations":[{"start":{"line":452,"column":3},"end":{"line":452,"column":3}},{"start":{"line":452,"column":3},"end":{"line":452,"column":3}}]},"62":{"line":453,"type":"if","locations":[{"start":{"line":453,"column":3},"end":{"line":453,"column":3}},{"start":{"line":453,"column":3},"end":{"line":453,"column":3}}]},"63":{"line":454,"type":"if","locations":[{"start":{"line":454,"column":3},"end":{"line":454,"column":3}},{"start":{"line":454,"column":3},"end":{"line":454,"column":3}}]},"64":{"line":456,"type":"if","locations":[{"start":{"line":456,"column":4},"end":{"line":456,"column":4}},{"start":{"line":456,"column":4},"end":{"line":456,"column":4}}]},"65":{"line":457,"type":"if","locations":[{"start":{"line":457,"column":4},"end":{"line":457,"column":4}},{"start":{"line":457,"column":4},"end":{"line":457,"column":4}}]},"66":{"line":459,"type":"if","locations":[{"start":{"line":459,"column":5},"end":{"line":459,"column":5}},{"start":{"line":459,"column":5},"end":{"line":459,"column":5}}]},"67":{"line":460,"type":"if","locations":[{"start":{"line":460,"column":5},"end":{"line":460,"column":5}},{"start":{"line":460,"column":5},"end":{"line":460,"column":5}}]},"68":{"line":475,"type":"binary-expr","locations":[{"start":{"line":475,"column":13},"end":{"line":475,"column":37}},{"start":{"line":475,"column":41},"end":{"line":475,"column":69}}]},"69":{"line":491,"type":"if","locations":[{"start":{"line":491,"column":1},"end":{"line":491,"column":1}},{"start":{"line":491,"column":1},"end":{"line":491,"column":1}}]},"70":{"line":491,"type":"binary-expr","locations":[{"start":{"line":491,"column":4},"end":{"line":491,"column":18}},{"start":{"line":491,"column":22},"end":{"line":491,"column":44}}]},"71":{"line":492,"type":"if","locations":[{"start":{"line":492,"column":1},"end":{"line":492,"column":1}},{"start":{"line":492,"column":1},"end":{"line":492,"column":1}}]},"72":{"line":495,"type":"if","locations":[{"start":{"line":495,"column":2},"end":{"line":495,"column":2}},{"start":{"line":495,"column":2},"end":{"line":495,"column":2}}]},"73":{"line":511,"type":"if","locations":[{"start":{"line":511,"column":1},"end":{"line":511,"column":1}},{"start":{"line":511,"column":1},"end":{"line":511,"column":1}}]},"74":{"line":519,"type":"if","locations":[{"start":{"line":519,"column":1},"end":{"line":519,"column":1}},{"start":{"line":519,"column":1},"end":{"line":519,"column":1}}]},"75":{"line":531,"type":"if","locations":[{"start":{"line":531,"column":2},"end":{"line":531,"column":2}},{"start":{"line":531,"column":2},"end":{"line":531,"column":2}}]},"76":{"line":531,"type":"binary-expr","locations":[{"start":{"line":531,"column":5},"end":{"line":531,"column":8}},{"start":{"line":531,"column":12},"end":{"line":531,"column":29}}]},"77":{"line":533,"type":"if","locations":[{"start":{"line":533,"column":3},"end":{"line":533,"column":3}},{"start":{"line":533,"column":3},"end":{"line":533,"column":3}}]},"78":{"line":534,"type":"if","locations":[{"start":{"line":534,"column":3},"end":{"line":534,"column":3}},{"start":{"line":534,"column":3},"end":{"line":534,"column":3}}]},"79":{"line":536,"type":"if","locations":[{"start":{"line":536,"column":4},"end":{"line":536,"column":4}},{"start":{"line":536,"column":4},"end":{"line":536,"column":4}}]},"80":{"line":548,"type":"if","locations":[{"start":{"line":548,"column":2},"end":{"line":548,"column":2}},{"start":{"line":548,"column":2},"end":{"line":548,"column":2}}]},"81":{"line":549,"type":"if","locations":[{"start":{"line":549,"column":2},"end":{"line":549,"column":2}},{"start":{"line":549,"column":2},"end":{"line":549,"column":2}}]},"82":{"line":556,"type":"if","locations":[{"start":{"line":556,"column":2},"end":{"line":556,"column":2}},{"start":{"line":556,"column":2},"end":{"line":556,"column":2}}]},"83":{"line":557,"type":"if","locations":[{"start":{"line":557,"column":2},"end":{"line":557,"column":2}},{"start":{"line":557,"column":2},"end":{"line":557,"column":2}}]},"84":{"line":585,"type":"if","locations":[{"start":{"line":585,"column":1},"end":{"line":585,"column":1}},{"start":{"line":585,"column":1},"end":{"line":585,"column":1}}]},"85":{"line":586,"type":"if","locations":[{"start":{"line":586,"column":1},"end":{"line":586,"column":1}},{"start":{"line":586,"column":1},"end":{"line":586,"column":1}}]},"86":{"line":612,"type":"if","locations":[{"start":{"line":612,"column":1},"end":{"line":612,"column":1}},{"start":{"line":612,"column":1},"end":{"line":612,"column":1}}]},"87":{"line":643,"type":"if","locations":[{"start":{"line":643,"column":1},"end":{"line":643,"column":1}},{"start":{"line":643,"column":1},"end":{"line":643,"column":1}}]}}}}