TN:
SF:/home/joedailey/OBG-CentralServer/OBG.js
FN:19,(anonymous_1)
FN:20,(anonymous_2)
FN:21,(anonymous_3)
FN:22,(anonymous_4)
FN:23,(anonymous_5)
FN:24,(anonymous_6)
FN:25,(anonymous_7)
FN:26,(anonymous_8)
FN:29,(anonymous_9)
FN:79,(anonymous_10)
FN:80,(anonymous_11)
FN:83,(anonymous_12)
FN:90,(anonymous_13)
FN:91,(anonymous_14)
FN:103,(anonymous_15)
FN:115,(anonymous_16)
FN:117,(anonymous_17)
FN:120,(anonymous_18)
FN:123,(anonymous_19)
FN:142,(anonymous_20)
FN:144,(anonymous_21)
FN:147,(anonymous_22)
FN:149,(anonymous_23)
FN:159,(anonymous_24)
FN:170,(anonymous_25)
FN:171,(anonymous_26)
FN:183,(anonymous_27)
FN:211,(anonymous_28)
FN:215,(anonymous_29)
FN:219,(anonymous_30)
FN:221,(anonymous_31)
FN:222,(anonymous_32)
FN:230,(anonymous_33)
FN:241,(anonymous_34)
FN:251,(anonymous_35)
FN:258,(anonymous_36)
FN:269,(anonymous_37)
FN:280,(anonymous_38)
FN:281,(anonymous_39)
FN:284,(anonymous_40)
FN:286,(anonymous_41)
FN:288,(anonymous_42)
FN:290,(anonymous_43)
FN:296,(anonymous_44)
FN:298,(anonymous_45)
FN:304,(anonymous_46)
FN:325,(anonymous_47)
FN:331,(anonymous_48)
FN:332,(anonymous_49)
FN:336,(anonymous_50)
FN:339,(anonymous_51)
FN:350,(anonymous_52)
FN:355,(anonymous_53)
FN:357,(anonymous_54)
FN:359,(anonymous_55)
FN:360,(anonymous_56)
FN:366,(anonymous_57)
FN:368,(anonymous_58)
FN:369,(anonymous_59)
FN:377,(anonymous_60)
FN:379,(anonymous_61)
FN:384,(anonymous_62)
FN:397,(anonymous_63)
FN:398,(anonymous_64)
FN:399,(anonymous_65)
FN:401,(anonymous_66)
FN:413,(anonymous_67)
FN:425,(anonymous_68)
FN:434,(anonymous_69)
FN:440,(anonymous_70)
FN:450,(anonymous_71)
FN:451,(anonymous_72)
FN:455,(anonymous_73)
FN:458,(anonymous_74)
FN:468,(anonymous_75)
FN:486,(anonymous_76)
FN:510,(anonymous_77)
FN:518,(anonymous_78)
FN:522,(anonymous_79)
FN:528,(anonymous_80)
FN:530,(anonymous_81)
FN:532,(anonymous_82)
FN:546,(anonymous_83)
FN:547,(anonymous_84)
FN:554,(anonymous_85)
FN:555,(anonymous_86)
FN:562,(anonymous_87)
FN:567,(anonymous_88)
FN:580,merge
FN:584,mergeUser
FN:593,(anonymous_91)
FN:597,(anonymous_92)
FN:608,(anonymous_93)
FN:614,(anonymous_94)
FN:621,(anonymous_95)
FN:625,(anonymous_96)
FN:629,(anonymous_97)
FN:638,(anonymous_98)
FNF:98
FNH:0
FNDA:0,(anonymous_1)
FNDA:0,(anonymous_2)
FNDA:0,(anonymous_3)
FNDA:0,(anonymous_4)
FNDA:0,(anonymous_5)
FNDA:0,(anonymous_6)
FNDA:0,(anonymous_7)
FNDA:0,(anonymous_8)
FNDA:0,(anonymous_9)
FNDA:0,(anonymous_10)
FNDA:0,(anonymous_11)
FNDA:0,(anonymous_12)
FNDA:0,(anonymous_13)
FNDA:0,(anonymous_14)
FNDA:0,(anonymous_15)
FNDA:0,(anonymous_16)
FNDA:0,(anonymous_17)
FNDA:0,(anonymous_18)
FNDA:0,(anonymous_19)
FNDA:0,(anonymous_20)
FNDA:0,(anonymous_21)
FNDA:0,(anonymous_22)
FNDA:0,(anonymous_23)
FNDA:0,(anonymous_24)
FNDA:0,(anonymous_25)
FNDA:0,(anonymous_26)
FNDA:0,(anonymous_27)
FNDA:0,(anonymous_28)
FNDA:0,(anonymous_29)
FNDA:0,(anonymous_30)
FNDA:0,(anonymous_31)
FNDA:0,(anonymous_32)
FNDA:0,(anonymous_33)
FNDA:0,(anonymous_34)
FNDA:0,(anonymous_35)
FNDA:0,(anonymous_36)
FNDA:0,(anonymous_37)
FNDA:0,(anonymous_38)
FNDA:0,(anonymous_39)
FNDA:0,(anonymous_40)
FNDA:0,(anonymous_41)
FNDA:0,(anonymous_42)
FNDA:0,(anonymous_43)
FNDA:0,(anonymous_44)
FNDA:0,(anonymous_45)
FNDA:0,(anonymous_46)
FNDA:0,(anonymous_47)
FNDA:0,(anonymous_48)
FNDA:0,(anonymous_49)
FNDA:0,(anonymous_50)
FNDA:0,(anonymous_51)
FNDA:0,(anonymous_52)
FNDA:0,(anonymous_53)
FNDA:0,(anonymous_54)
FNDA:0,(anonymous_55)
FNDA:0,(anonymous_56)
FNDA:0,(anonymous_57)
FNDA:0,(anonymous_58)
FNDA:0,(anonymous_59)
FNDA:0,(anonymous_60)
FNDA:0,(anonymous_61)
FNDA:0,(anonymous_62)
FNDA:0,(anonymous_63)
FNDA:0,(anonymous_64)
FNDA:0,(anonymous_65)
FNDA:0,(anonymous_66)
FNDA:0,(anonymous_67)
FNDA:0,(anonymous_68)
FNDA:0,(anonymous_69)
FNDA:0,(anonymous_70)
FNDA:0,(anonymous_71)
FNDA:0,(anonymous_72)
FNDA:0,(anonymous_73)
FNDA:0,(anonymous_74)
FNDA:0,(anonymous_75)
FNDA:0,(anonymous_76)
FNDA:0,(anonymous_77)
FNDA:0,(anonymous_78)
FNDA:0,(anonymous_79)
FNDA:0,(anonymous_80)
FNDA:0,(anonymous_81)
FNDA:0,(anonymous_82)
FNDA:0,(anonymous_83)
FNDA:0,(anonymous_84)
FNDA:0,(anonymous_85)
FNDA:0,(anonymous_86)
FNDA:0,(anonymous_87)
FNDA:0,(anonymous_88)
FNDA:0,merge
FNDA:0,mergeUser
FNDA:0,(anonymous_91)
FNDA:0,(anonymous_92)
FNDA:0,(anonymous_93)
FNDA:0,(anonymous_94)
FNDA:0,(anonymous_95)
FNDA:0,(anonymous_96)
FNDA:0,(anonymous_97)
FNDA:0,(anonymous_98)
DA:6,1
DA:8,1
DA:9,1
DA:10,1
DA:12,1
DA:13,0
DA:14,0
DA:16,1
DA:17,1
DA:18,1
DA:19,0
DA:20,0
DA:21,0
DA:22,0
DA:23,0
DA:24,0
DA:25,0
DA:26,0
DA:29,1
DA:30,0
DA:31,0
DA:32,0
DA:33,0
DA:40,1
DA:41,1
DA:42,1
DA:43,1
DA:45,1
DA:49,1
DA:51,1
DA:53,1
DA:55,1
DA:56,1
DA:58,1
DA:59,1
DA:60,1
DA:64,1
DA:66,1
DA:67,1
DA:68,1
DA:69,1
DA:77,1
DA:79,1
DA:80,0
DA:81,0
DA:83,0
DA:84,0
DA:90,1
DA:91,0
DA:92,0
DA:93,0
DA:97,1
DA:98,1
DA:103,1
DA:104,0
DA:105,0
DA:106,0
DA:107,0
DA:115,0
DA:116,0
DA:117,0
DA:118,0
DA:120,0
DA:121,0
DA:123,0
DA:124,0
DA:127,0
DA:128,0
DA:129,0
DA:130,0
DA:134,0
DA:142,0
DA:143,0
DA:144,0
DA:145,0
DA:147,0
DA:148,0
DA:149,0
DA:150,0
DA:152,0
DA:153,0
DA:154,0
DA:155,0
DA:159,0
DA:160,0
DA:161,0
DA:162,0
DA:163,0
DA:164,0
DA:165,0
DA:166,0
DA:167,0
DA:169,0
DA:170,0
DA:171,0
DA:172,0
DA:173,0
DA:174,0
DA:175,0
DA:176,0
DA:177,0
DA:179,0
DA:180,0
DA:182,0
DA:183,0
DA:184,0
DA:185,0
DA:186,0
DA:187,0
DA:188,0
DA:189,0
DA:190,0
DA:191,0
DA:192,0
DA:194,0
DA:195,0
DA:197,0
DA:198,0
DA:199,0
DA:200,0
DA:201,0
DA:202,0
DA:211,1
DA:212,0
DA:215,1
DA:216,0
DA:219,1
DA:220,0
DA:221,0
DA:222,0
DA:223,0
DA:224,0
DA:225,0
DA:226,0
DA:227,0
DA:229,0
DA:230,0
DA:232,0
DA:233,0
DA:234,0
DA:235,0
DA:236,0
DA:237,0
DA:239,0
DA:240,0
DA:241,0
DA:242,0
DA:243,0
DA:244,0
DA:251,1
DA:252,0
DA:253,0
DA:255,0
DA:258,1
DA:259,0
DA:260,0
DA:261,0
DA:263,0
DA:265,0
DA:269,1
DA:270,0
DA:271,0
DA:272,0
DA:273,0
DA:274,0
DA:275,0
DA:276,0
DA:277,0
DA:278,0
DA:279,0
DA:280,0
DA:281,0
DA:282,0
DA:283,0
DA:284,0
DA:285,0
DA:286,0
DA:287,0
DA:288,0
DA:289,0
DA:290,0
DA:291,0
DA:292,0
DA:293,0
DA:294,0
DA:296,0
DA:297,0
DA:298,0
DA:299,0
DA:305,0
DA:306,0
DA:307,0
DA:308,0
DA:309,0
DA:310,0
DA:312,0
DA:313,0
DA:325,1
DA:326,0
DA:327,0
DA:328,0
DA:329,0
DA:330,0
DA:331,0
DA:332,0
DA:333,0
DA:334,0
DA:335,0
DA:336,0
DA:337,0
DA:338,0
DA:339,0
DA:340,0
DA:341,0
DA:342,0
DA:343,0
DA:350,1
DA:351,0
DA:352,0
DA:355,1
DA:357,1
DA:358,0
DA:359,0
DA:360,0
DA:361,0
DA:366,1
DA:367,0
DA:368,0
DA:369,0
DA:370,0
DA:371,0
DA:373,0
DA:377,1
DA:378,0
DA:379,0
DA:380,0
DA:381,0
DA:384,1
DA:385,0
DA:386,0
DA:388,0
DA:389,0
DA:390,0
DA:391,0
DA:392,0
DA:393,0
DA:394,0
DA:395,0
DA:397,0
DA:398,0
DA:399,0
DA:400,0
DA:401,0
DA:402,0
DA:403,0
DA:404,0
DA:405,0
DA:407,0
DA:413,1
DA:414,0
DA:415,0
DA:416,0
DA:417,0
DA:418,0
DA:419,0
DA:421,0
DA:422,0
DA:425,1
DA:426,0
DA:427,0
DA:428,0
DA:429,0
DA:430,0
DA:431,0
DA:433,0
DA:434,0
DA:435,0
DA:436,0
DA:440,1
DA:441,0
DA:442,0
DA:445,0
DA:446,0
DA:447,0
DA:448,0
DA:450,0
DA:451,0
DA:452,0
DA:453,0
DA:454,0
DA:455,0
DA:456,0
DA:457,0
DA:458,0
DA:459,0
DA:460,0
DA:461,0
DA:468,1
DA:469,0
DA:478,0
DA:479,0
DA:480,0
DA:481,0
DA:482,0
DA:483,0
DA:486,1
DA:487,0
DA:488,0
DA:489,0
DA:490,0
DA:491,0
DA:492,0
DA:493,0
DA:494,0
DA:495,0
DA:496,0
DA:497,0
DA:498,0
DA:499,0
DA:501,0
DA:502,0
DA:503,0
DA:504,0
DA:506,0
DA:510,1
DA:511,0
DA:512,0
DA:513,0
DA:515,0
DA:518,1
DA:519,0
DA:520,0
DA:522,0
DA:523,0
DA:528,1
DA:529,0
DA:530,0
DA:531,0
DA:532,0
DA:533,0
DA:534,0
DA:535,0
DA:536,0
DA:537,0
DA:539,0
DA:541,0
DA:546,1
DA:547,0
DA:548,0
DA:549,0
DA:550,0
DA:554,1
DA:555,0
DA:556,0
DA:557,0
DA:558,0
DA:562,1
DA:563,0
DA:567,1
DA:568,0
DA:573,0
DA:580,1
DA:581,0
DA:582,0
DA:584,1
DA:585,0
DA:586,0
DA:587,0
DA:588,0
DA:589,0
DA:591,0
DA:593,1
DA:594,0
DA:595,0
DA:597,1
DA:602,0
DA:608,1
DA:609,0
DA:610,0
DA:611,0
DA:612,0
DA:613,0
DA:614,0
DA:616,0
DA:617,0
DA:619,0
DA:620,0
DA:621,0
DA:622,0
DA:623,0
DA:624,0
DA:625,0
DA:626,0
DA:629,0
DA:630,0
DA:631,0
DA:632,0
DA:634,0
DA:636,1
DA:637,1
DA:638,1
DA:639,0
DA:640,0
DA:641,0
DA:642,0
DA:643,0
DA:644,0
LF:407
LH:66
BRDA:12,1,0,0
BRDA:12,1,1,1
BRDA:18,2,0,0
BRDA:18,2,1,1
BRDA:20,3,0,0
BRDA:20,3,1,0
BRDA:21,4,0,0
BRDA:21,4,1,0
BRDA:22,5,0,0
BRDA:22,5,1,0
BRDA:23,6,0,0
BRDA:23,6,1,0
BRDA:24,7,0,0
BRDA:24,7,1,0
BRDA:25,8,0,0
BRDA:25,8,1,0
BRDA:26,9,0,0
BRDA:26,9,1,0
BRDA:32,10,0,0
BRDA:32,10,1,0
BRDA:81,11,0,0
BRDA:81,11,1,0
BRDA:92,12,0,0
BRDA:92,12,1,0
BRDA:128,13,0,0
BRDA:128,13,1,0
BRDA:153,14,0,0
BRDA:153,14,1,0
BRDA:161,15,0,0
BRDA:161,15,1,0
BRDA:162,16,0,0
BRDA:162,16,1,0
BRDA:162,17,0,0
BRDA:162,17,1,0
BRDA:165,18,0,0
BRDA:165,18,1,0
BRDA:172,19,0,0
BRDA:172,19,1,0
BRDA:173,20,0,0
BRDA:173,20,1,0
BRDA:173,21,0,0
BRDA:173,21,1,0
BRDA:179,22,0,0
BRDA:179,22,1,0
BRDA:185,23,0,0
BRDA:185,23,1,0
BRDA:186,24,0,0
BRDA:186,24,1,0
BRDA:188,25,0,0
BRDA:188,25,1,0
BRDA:191,26,0,0
BRDA:191,26,1,0
BRDA:198,27,0,0
BRDA:198,27,1,0
BRDA:200,28,0,0
BRDA:200,28,1,0
BRDA:226,29,0,0
BRDA:226,29,1,0
BRDA:233,30,0,0
BRDA:233,30,1,0
BRDA:236,31,0,0
BRDA:236,31,1,0
BRDA:252,32,0,0
BRDA:252,32,1,0
BRDA:259,33,0,0
BRDA:259,33,1,0
BRDA:260,34,0,0
BRDA:260,34,1,0
BRDA:278,35,0,0
BRDA:278,35,1,0
BRDA:278,36,0,0
BRDA:278,36,1,0
BRDA:278,36,2,0
BRDA:279,37,0,0
BRDA:279,37,1,0
BRDA:282,38,0,0
BRDA:282,38,1,0
BRDA:283,39,0,0
BRDA:283,39,1,0
BRDA:285,40,0,0
BRDA:285,40,1,0
BRDA:287,41,0,0
BRDA:287,41,1,0
BRDA:289,42,0,0
BRDA:289,42,1,0
BRDA:291,43,0,0
BRDA:291,43,1,0
BRDA:305,44,0,0
BRDA:305,44,1,0
BRDA:333,45,0,0
BRDA:333,45,1,0
BRDA:334,46,0,0
BRDA:334,46,1,0
BRDA:335,47,0,0
BRDA:335,47,1,0
BRDA:337,48,0,0
BRDA:337,48,1,0
BRDA:338,49,0,0
BRDA:338,49,1,0
BRDA:340,50,0,0
BRDA:340,50,1,0
BRDA:341,51,0,0
BRDA:341,51,1,0
BRDA:370,52,0,0
BRDA:370,52,1,0
BRDA:386,53,0,0
BRDA:386,53,1,0
BRDA:400,54,0,0
BRDA:400,54,1,0
BRDA:402,55,0,0
BRDA:402,55,1,0
BRDA:417,56,0,0
BRDA:417,56,1,0
BRDA:429,57,0,0
BRDA:429,57,1,0
BRDA:435,58,0,0
BRDA:435,58,1,0
BRDA:441,59,0,0
BRDA:441,59,1,0
BRDA:441,60,0,0
BRDA:441,60,1,0
BRDA:452,61,0,0
BRDA:452,61,1,0
BRDA:453,62,0,0
BRDA:453,62,1,0
BRDA:454,63,0,0
BRDA:454,63,1,0
BRDA:456,64,0,0
BRDA:456,64,1,0
BRDA:457,65,0,0
BRDA:457,65,1,0
BRDA:459,66,0,0
BRDA:459,66,1,0
BRDA:460,67,0,0
BRDA:460,67,1,0
BRDA:475,68,0,0
BRDA:475,68,1,0
BRDA:491,69,0,0
BRDA:491,69,1,0
BRDA:491,70,0,0
BRDA:491,70,1,0
BRDA:492,71,0,0
BRDA:492,71,1,0
BRDA:495,72,0,0
BRDA:495,72,1,0
BRDA:511,73,0,0
BRDA:511,73,1,0
BRDA:519,74,0,0
BRDA:519,74,1,0
BRDA:531,75,0,0
BRDA:531,75,1,0
BRDA:531,76,0,0
BRDA:531,76,1,0
BRDA:533,77,0,0
BRDA:533,77,1,0
BRDA:534,78,0,0
BRDA:534,78,1,0
BRDA:536,79,0,0
BRDA:536,79,1,0
BRDA:548,80,0,0
BRDA:548,80,1,0
BRDA:549,81,0,0
BRDA:549,81,1,0
BRDA:556,82,0,0
BRDA:556,82,1,0
BRDA:557,83,0,0
BRDA:557,83,1,0
BRDA:585,84,0,0
BRDA:585,84,1,0
BRDA:586,85,0,0
BRDA:586,85,1,0
BRDA:612,86,0,0
BRDA:612,86,1,0
BRDA:643,87,0,0
BRDA:643,87,1,0
BRF:175
BRH:2
end_of_record
